<?xml version="1.0" encoding="UTF-8"?>
<testsuite xmlns:xsi="http://www.w3.org/2001/XMLSchema-instance" xsi:noNamespaceSchemaLocation="https://maven.apache.org/surefire/maven-surefire-plugin/xsd/surefire-test-report-3.0.xsd" version="3.0" name="io.github.ap2java.payment.SamplePaymentProcessorTest" time="0.35" tests="8" errors="0" skipped="0" failures="0">
  <properties>
    <property name="java.specification.version" value="18"/>
    <property name="sun.cpu.isalist" value="amd64"/>
    <property name="sun.jnu.encoding" value="Cp1252"/>
    <property name="java.class.path" value="C:\work\ap2java\target\test-classes;C:\work\ap2java\target\classes;C:\Users\babav\.m2\repository\io\github\vishalmysore\a2ajava\0.1.9.6\a2ajava-0.1.9.6.jar;C:\Users\babav\.m2\repository\io\github\vishalmysore\tools4ai\1.1.6.2\tools4ai-1.1.6.2.jar;C:\Users\babav\.m2\repository\io\github\bonigarcia\webdrivermanager\5.8.0\webdrivermanager-5.8.0.jar;C:\Users\babav\.m2\repository\com\github\docker-java\docker-java\3.3.6\docker-java-3.3.6.jar;C:\Users\babav\.m2\repository\com\github\docker-java\docker-java-core\3.3.6\docker-java-core-3.3.6.jar;C:\Users\babav\.m2\repository\com\github\docker-java\docker-java-api\3.3.6\docker-java-api-3.3.6.jar;C:\Users\babav\.m2\repository\org\bouncycastle\bcpkix-jdk18on\1.76\bcpkix-jdk18on-1.76.jar;C:\Users\babav\.m2\repository\org\bouncycastle\bcprov-jdk18on\1.76\bcprov-jdk18on-1.76.jar;C:\Users\babav\.m2\repository\org\bouncycastle\bcutil-jdk18on\1.76\bcutil-jdk18on-1.76.jar;C:\Users\babav\.m2\repository\org\slf4j\jcl-over-slf4j\1.7.30\jcl-over-slf4j-1.7.30.jar;C:\Users\babav\.m2\repository\com\github\docker-java\docker-java-transport-httpclient5\3.3.6\docker-java-transport-httpclient5-3.3.6.jar;C:\Users\babav\.m2\repository\com\github\docker-java\docker-java-transport\3.3.6\docker-java-transport-3.3.6.jar;C:\Users\babav\.m2\repository\net\java\dev\jna\jna\5.13.0\jna-5.13.0.jar;C:\Users\babav\.m2\repository\org\brotli\dec\0.1.2\dec-0.1.2.jar;C:\Users\babav\.m2\repository\org\apache\commons\commons-lang3\3.14.0\commons-lang3-3.14.0.jar;C:\Users\babav\.m2\repository\org\apache\commons\commons-compress\1.26.1\commons-compress-1.26.1.jar;C:\Users\babav\.m2\repository\org\apache\httpcomponents\client5\httpclient5\5.2.1\httpclient5-5.2.1.jar;C:\Users\babav\.m2\repository\org\apache\httpcomponents\core5\httpcore5\5.2\httpcore5-5.2.jar;C:\Users\babav\.m2\repository\org\apache\httpcomponents\core5\httpcore5-h2\5.2\httpcore5-h2-5.2.jar;C:\Users\babav\.m2\repository\org\seleniumhq\selenium\selenium-java\4.19.1\selenium-java-4.19.1.jar;C:\Users\babav\.m2\repository\org\seleniumhq\selenium\selenium-api\4.19.1\selenium-api-4.19.1.jar;C:\Users\babav\.m2\repository\org\seleniumhq\selenium\selenium-chrome-driver\4.19.1\selenium-chrome-driver-4.19.1.jar;C:\Users\babav\.m2\repository\com\google\auto\service\auto-service-annotations\1.1.1\auto-service-annotations-1.1.1.jar;C:\Users\babav\.m2\repository\org\seleniumhq\selenium\selenium-chromium-driver\4.19.1\selenium-chromium-driver-4.19.1.jar;C:\Users\babav\.m2\repository\org\seleniumhq\selenium\selenium-json\4.19.1\selenium-json-4.19.1.jar;C:\Users\babav\.m2\repository\org\seleniumhq\selenium\selenium-manager\4.19.1\selenium-manager-4.19.1.jar;C:\Users\babav\.m2\repository\org\seleniumhq\selenium\selenium-devtools-v121\4.19.1\selenium-devtools-v121-4.19.1.jar;C:\Users\babav\.m2\repository\org\seleniumhq\selenium\selenium-devtools-v122\4.19.1\selenium-devtools-v122-4.19.1.jar;C:\Users\babav\.m2\repository\org\seleniumhq\selenium\selenium-devtools-v123\4.19.1\selenium-devtools-v123-4.19.1.jar;C:\Users\babav\.m2\repository\org\seleniumhq\selenium\selenium-devtools-v85\4.19.1\selenium-devtools-v85-4.19.1.jar;C:\Users\babav\.m2\repository\org\seleniumhq\selenium\selenium-edge-driver\4.19.1\selenium-edge-driver-4.19.1.jar;C:\Users\babav\.m2\repository\org\seleniumhq\selenium\selenium-firefox-driver\4.19.1\selenium-firefox-driver-4.19.1.jar;C:\Users\babav\.m2\repository\org\seleniumhq\selenium\selenium-http\4.19.1\selenium-http-4.19.1.jar;C:\Users\babav\.m2\repository\dev\failsafe\failsafe\3.3.2\failsafe-3.3.2.jar;C:\Users\babav\.m2\repository\org\seleniumhq\selenium\selenium-ie-driver\4.19.1\selenium-ie-driver-4.19.1.jar;C:\Users\babav\.m2\repository\org\seleniumhq\selenium\selenium-remote-driver\4.19.1\selenium-remote-driver-4.19.1.jar;C:\Users\babav\.m2\repository\io\opentelemetry\semconv\opentelemetry-semconv\1.23.1-alpha\opentelemetry-semconv-1.23.1-alpha.jar;C:\Users\babav\.m2\repository\io\opentelemetry\opentelemetry-exporter-logging\1.36.0\opentelemetry-exporter-logging-1.36.0.jar;C:\Users\babav\.m2\repository\io\opentelemetry\opentelemetry-sdk-common\1.36.0\opentelemetry-sdk-common-1.36.0.jar;C:\Users\babav\.m2\repository\io\opentelemetry\opentelemetry-sdk-extension-autoconfigure-spi\1.36.0\opentelemetry-sdk-extension-autoconfigure-spi-1.36.0.jar;C:\Users\babav\.m2\repository\io\opentelemetry\opentelemetry-sdk-extension-autoconfigure\1.36.0\opentelemetry-sdk-extension-autoconfigure-1.36.0.jar;C:\Users\babav\.m2\repository\io\opentelemetry\opentelemetry-api-events\1.36.0-alpha\opentelemetry-api-events-1.36.0-alpha.jar;C:\Users\babav\.m2\repository\io\opentelemetry\opentelemetry-sdk-trace\1.36.0\opentelemetry-sdk-trace-1.36.0.jar;C:\Users\babav\.m2\repository\io\opentelemetry\opentelemetry-extension-incubator\1.36.0-alpha\opentelemetry-extension-incubator-1.36.0-alpha.jar;C:\Users\babav\.m2\repository\io\opentelemetry\opentelemetry-sdk\1.36.0\opentelemetry-sdk-1.36.0.jar;C:\Users\babav\.m2\repository\io\opentelemetry\opentelemetry-sdk-metrics\1.36.0\opentelemetry-sdk-metrics-1.36.0.jar;C:\Users\babav\.m2\repository\io\opentelemetry\opentelemetry-sdk-logs\1.36.0\opentelemetry-sdk-logs-1.36.0.jar;C:\Users\babav\.m2\repository\org\seleniumhq\selenium\selenium-os\4.19.1\selenium-os-4.19.1.jar;C:\Users\babav\.m2\repository\org\apache\commons\commons-exec\1.3\commons-exec-1.3.jar;C:\Users\babav\.m2\repository\org\seleniumhq\selenium\selenium-safari-driver\4.19.1\selenium-safari-driver-4.19.1.jar;C:\Users\babav\.m2\repository\org\seleniumhq\selenium\selenium-support\4.19.1\selenium-support-4.19.1.jar;C:\Users\babav\.m2\repository\org\springframework\spring-context\6.1.5\spring-context-6.1.5.jar;C:\Users\babav\.m2\repository\org\springframework\spring-aop\6.1.5\spring-aop-6.1.5.jar;C:\Users\babav\.m2\repository\org\springframework\spring-expression\6.1.5\spring-expression-6.1.5.jar;C:\Users\babav\.m2\repository\org\json\json\20240303\json-20240303.jar;C:\Users\babav\.m2\repository\io\swagger\parser\v3\swagger-parser\2.0.2\swagger-parser-2.0.2.jar;C:\Users\babav\.m2\repository\io\swagger\parser\v3\swagger-parser-v2-converter\2.0.2\swagger-parser-v2-converter-2.0.2.jar;C:\Users\babav\.m2\repository\io\swagger\swagger-compat-spec-parser\1.0.37\swagger-compat-spec-parser-1.0.37.jar;C:\Users\babav\.m2\repository\com\github\java-json-tools\json-schema-validator\2.2.8\json-schema-validator-2.2.8.jar;C:\Users\babav\.m2\repository\com\github\java-json-tools\json-schema-core\1.2.8\json-schema-core-1.2.8.jar;C:\Users\babav\.m2\repository\org\mozilla\rhino\1.7R4\rhino-1.7R4.jar;C:\Users\babav\.m2\repository\com\github\fge\uri-template\0.9\uri-template-0.9.jar;C:\Users\babav\.m2\repository\javax\mail\mailapi\1.4.3\mailapi-1.4.3.jar;C:\Users\babav\.m2\repository\javax\activation\activation\1.1\activation-1.1.jar;C:\Users\babav\.m2\repository\joda-time\joda-time\2.9.7\joda-time-2.9.7.jar;C:\Users\babav\.m2\repository\com\googlecode\libphonenumber\libphonenumber\8.0.0\libphonenumber-8.0.0.jar;C:\Users\babav\.m2\repository\net\sf\jopt-simple\jopt-simple\5.0.3\jopt-simple-5.0.3.jar;C:\Users\babav\.m2\repository\com\github\fge\json-patch\1.6\json-patch-1.6.jar;C:\Users\babav\.m2\repository\com\github\fge\jackson-coreutils\1.6\jackson-coreutils-1.6.jar;C:\Users\babav\.m2\repository\com\github\fge\msg-simple\1.1\msg-simple-1.1.jar;C:\Users\babav\.m2\repository\com\github\fge\btf\1.2\btf-1.2.jar;C:\Users\babav\.m2\repository\io\swagger\core\v3\swagger-models\2.0.3\swagger-models-2.0.3.jar;C:\Users\babav\.m2\repository\io\swagger\parser\v3\swagger-parser-core\2.0.2\swagger-parser-core-2.0.2.jar;C:\Users\babav\.m2\repository\io\swagger\parser\v3\swagger-parser-v3\2.0.2\swagger-parser-v3-2.0.2.jar;C:\Users\babav\.m2\repository\io\swagger\core\v3\swagger-core\2.0.3\swagger-core-2.0.3.jar;C:\Users\babav\.m2\repository\javax\xml\bind\jaxb-api\2.3.0\jaxb-api-2.3.0.jar;C:\Users\babav\.m2\repository\io\swagger\core\v3\swagger-annotations\2.0.3\swagger-annotations-2.0.3.jar;C:\Users\babav\.m2\repository\com\fasterxml\jackson\dataformat\jackson-dataformat-yaml\2.9.5\jackson-dataformat-yaml-2.9.5.jar;C:\Users\babav\.m2\repository\org\slf4j\slf4j-ext\1.6.3\slf4j-ext-1.6.3.jar;C:\Users\babav\.m2\repository\ch\qos\cal10n\cal10n-api\0.7.4\cal10n-api-0.7.4.jar;C:\Users\babav\.m2\repository\commons-io\commons-io\2.4\commons-io-2.4.jar;C:\Users\babav\.m2\repository\io\swagger\swagger-parser\1.0.36\swagger-parser-1.0.36.jar;C:\Users\babav\.m2\repository\io\swagger\swagger-core\1.5.20\swagger-core-1.5.20.jar;C:\Users\babav\.m2\repository\io\swagger\swagger-models\1.5.20\swagger-models-1.5.20.jar;C:\Users\babav\.m2\repository\io\swagger\swagger-annotations\1.5.20\swagger-annotations-1.5.20.jar;C:\Users\babav\.m2\repository\com\google\cloud\google-cloud-vertexai\0.7.0\google-cloud-vertexai-0.7.0.jar;C:\Users\babav\.m2\repository\io\grpc\grpc-api\1.62.2\grpc-api-1.62.2.jar;C:\Users\babav\.m2\repository\com\google\code\findbugs\jsr305\3.0.2\jsr305-3.0.2.jar;C:\Users\babav\.m2\repository\com\google\errorprone\error_prone_annotations\2.26.1\error_prone_annotations-2.26.1.jar;C:\Users\babav\.m2\repository\io\grpc\grpc-stub\1.62.2\grpc-stub-1.62.2.jar;C:\Users\babav\.m2\repository\io\grpc\grpc-protobuf\1.62.2\grpc-protobuf-1.62.2.jar;C:\Users\babav\.m2\repository\io\grpc\grpc-protobuf-lite\1.62.2\grpc-protobuf-lite-1.62.2.jar;C:\Users\babav\.m2\repository\com\google\api\api-common\2.29.1\api-common-2.29.1.jar;C:\Users\babav\.m2\repository\com\google\auto\value\auto-value-annotations\1.10.4\auto-value-annotations-1.10.4.jar;C:\Users\babav\.m2\repository\javax\annotation\javax.annotation-api\1.3.2\javax.annotation-api-1.3.2.jar;C:\Users\babav\.m2\repository\com\google\j2objc\j2objc-annotations\3.0.0\j2objc-annotations-3.0.0.jar;C:\Users\babav\.m2\repository\com\google\protobuf\protobuf-java\3.25.2\protobuf-java-3.25.2.jar;C:\Users\babav\.m2\repository\com\google\api\grpc\proto-google-common-protos\2.37.1\proto-google-common-protos-2.37.1.jar;C:\Users\babav\.m2\repository\com\google\api\grpc\proto-google-cloud-vertexai-v1\0.7.0\proto-google-cloud-vertexai-v1-0.7.0.jar;C:\Users\babav\.m2\repository\com\google\guava\guava\33.1.0-jre\guava-33.1.0-jre.jar;C:\Users\babav\.m2\repository\com\google\guava\failureaccess\1.0.2\failureaccess-1.0.2.jar;C:\Users\babav\.m2\repository\com\google\guava\listenablefuture\9999.0-empty-to-avoid-conflict-with-guava\listenablefuture-9999.0-empty-to-avoid-conflict-with-guava.jar;C:\Users\babav\.m2\repository\org\checkerframework\checker-qual\3.42.0\checker-qual-3.42.0.jar;C:\Users\babav\.m2\repository\com\google\api\gax\2.46.1\gax-2.46.1.jar;C:\Users\babav\.m2\repository\com\google\auth\google-auth-library-credentials\1.23.0\google-auth-library-credentials-1.23.0.jar;C:\Users\babav\.m2\repository\io\opencensus\opencensus-api\0.31.1\opencensus-api-0.31.1.jar;C:\Users\babav\.m2\repository\io\grpc\grpc-context\1.62.2\grpc-context-1.62.2.jar;C:\Users\babav\.m2\repository\com\google\auth\google-auth-library-oauth2-http\1.23.0\google-auth-library-oauth2-http-1.23.0.jar;C:\Users\babav\.m2\repository\io\opentelemetry\opentelemetry-api\1.36.0\opentelemetry-api-1.36.0.jar;C:\Users\babav\.m2\repository\io\opentelemetry\opentelemetry-context\1.36.0\opentelemetry-context-1.36.0.jar;C:\Users\babav\.m2\repository\com\google\api\gax-grpc\2.46.1\gax-grpc-2.46.1.jar;C:\Users\babav\.m2\repository\io\grpc\grpc-inprocess\1.62.2\grpc-inprocess-1.62.2.jar;C:\Users\babav\.m2\repository\io\grpc\grpc-core\1.62.2\grpc-core-1.62.2.jar;C:\Users\babav\.m2\repository\com\google\android\annotations\4.1.1.4\annotations-4.1.1.4.jar;C:\Users\babav\.m2\repository\org\codehaus\mojo\animal-sniffer-annotations\1.23\animal-sniffer-annotations-1.23.jar;C:\Users\babav\.m2\repository\io\grpc\grpc-alts\1.62.2\grpc-alts-1.62.2.jar;C:\Users\babav\.m2\repository\io\grpc\grpc-grpclb\1.62.2\grpc-grpclb-1.62.2.jar;C:\Users\babav\.m2\repository\org\conscrypt\conscrypt-openjdk-uber\2.5.2\conscrypt-openjdk-uber-2.5.2.jar;C:\Users\babav\.m2\repository\io\grpc\grpc-auth\1.62.2\grpc-auth-1.62.2.jar;C:\Users\babav\.m2\repository\io\grpc\grpc-netty-shaded\1.62.2\grpc-netty-shaded-1.62.2.jar;C:\Users\babav\.m2\repository\io\grpc\grpc-util\1.62.2\grpc-util-1.62.2.jar;C:\Users\babav\.m2\repository\io\perfmark\perfmark-api\0.27.0\perfmark-api-0.27.0.jar;C:\Users\babav\.m2\repository\io\grpc\grpc-googleapis\1.62.2\grpc-googleapis-1.62.2.jar;C:\Users\babav\.m2\repository\io\grpc\grpc-xds\1.62.2\grpc-xds-1.62.2.jar;C:\Users\babav\.m2\repository\io\opencensus\opencensus-proto\0.2.0\opencensus-proto-0.2.0.jar;C:\Users\babav\.m2\repository\io\grpc\grpc-services\1.62.2\grpc-services-1.62.2.jar;C:\Users\babav\.m2\repository\com\google\re2j\re2j\1.7\re2j-1.7.jar;C:\Users\babav\.m2\repository\com\google\api\gax-httpjson\2.46.1\gax-httpjson-2.46.1.jar;C:\Users\babav\.m2\repository\com\google\http-client\google-http-client\1.44.1\google-http-client-1.44.1.jar;C:\Users\babav\.m2\repository\org\apache\httpcomponents\httpclient\4.5.14\httpclient-4.5.14.jar;C:\Users\babav\.m2\repository\commons-codec\commons-codec\1.16.1\commons-codec-1.16.1.jar;C:\Users\babav\.m2\repository\org\apache\httpcomponents\httpcore\4.4.16\httpcore-4.4.16.jar;C:\Users\babav\.m2\repository\io\opencensus\opencensus-contrib-http-util\0.31.1\opencensus-contrib-http-util-0.31.1.jar;C:\Users\babav\.m2\repository\com\google\http-client\google-http-client-gson\1.44.1\google-http-client-gson-1.44.1.jar;C:\Users\babav\.m2\repository\com\google\protobuf\protobuf-java-util\3.25.2\protobuf-java-util-3.25.2.jar;C:\Users\babav\.m2\repository\com\google\api\grpc\grpc-google-common-protos\2.37.1\grpc-google-common-protos-2.37.1.jar;C:\Users\babav\.m2\repository\com\google\api\grpc\proto-google-iam-v1\1.32.1\proto-google-iam-v1-1.32.1.jar;C:\Users\babav\.m2\repository\com\google\api\grpc\grpc-google-iam-v1\1.32.1\grpc-google-iam-v1-1.32.1.jar;C:\Users\babav\.m2\repository\org\threeten\threetenbp\1.6.8\threetenbp-1.6.8.jar;C:\Users\babav\.m2\repository\com\google\code\gson\gson\2.8.9\gson-2.8.9.jar;C:\Users\babav\.m2\repository\org\yaml\snakeyaml\2.2\snakeyaml-2.2.jar;C:\Users\babav\.m2\repository\org\reflections\reflections\0.9.11\reflections-0.9.11.jar;C:\Users\babav\.m2\repository\org\javassist\javassist\3.21.0-GA\javassist-3.21.0-GA.jar;C:\Users\babav\.m2\repository\dev\langchain4j\langchain4j-local-ai\0.29.1\langchain4j-local-ai-0.29.1.jar;C:\Users\babav\.m2\repository\dev\langchain4j\langchain4j-hugging-face\0.29.1\langchain4j-hugging-face-0.29.1.jar;C:\Users\babav\.m2\repository\com\squareup\retrofit2\retrofit\2.9.0\retrofit-2.9.0.jar;C:\Users\babav\.m2\repository\com\squareup\retrofit2\converter-gson\2.9.0\converter-gson-2.9.0.jar;C:\Users\babav\.m2\repository\dev\langchain4j\langchain4j-vertex-ai\0.29.1\langchain4j-vertex-ai-0.29.1.jar;C:\Users\babav\.m2\repository\com\google\cloud\google-cloud-aiplatform\3.33.0\google-cloud-aiplatform-3.33.0.jar;C:\Users\babav\.m2\repository\com\google\api\grpc\proto-google-cloud-aiplatform-v1beta1\0.49.0\proto-google-cloud-aiplatform-v1beta1-0.49.0.jar;C:\Users\babav\.m2\repository\com\google\api\grpc\proto-google-cloud-aiplatform-v1\3.33.0\proto-google-cloud-aiplatform-v1-3.33.0.jar;C:\Users\babav\.m2\repository\dev\langchain4j\langchain4j-anthropic\0.29.1\langchain4j-anthropic-0.29.1.jar;C:\Users\babav\.m2\repository\com\squareup\okhttp3\okhttp-sse\4.12.0\okhttp-sse-4.12.0.jar;C:\Users\babav\.m2\repository\com\konghq\unirest-java-core\4.3.0\unirest-java-core-4.3.0.jar;C:\Users\babav\.m2\repository\com\konghq\unirest-modules-gson\4.3.0\unirest-modules-gson-4.3.0.jar;C:\Users\babav\.m2\repository\com\konghq\unirest-modules-jackson\4.3.0\unirest-modules-jackson-4.3.0.jar;C:\Users\babav\.m2\repository\com\fasterxml\jackson\datatype\jackson-datatype-jsr310\2.16.2\jackson-datatype-jsr310-2.16.2.jar;C:\Users\babav\.m2\repository\org\java-websocket\Java-WebSocket\1.6.0\Java-WebSocket-1.6.0.jar;C:\Users\babav\.m2\repository\io\jsonwebtoken\jjwt\0.12.6\jjwt-0.12.6.jar;C:\Users\babav\.m2\repository\io\jsonwebtoken\jjwt-api\0.12.6\jjwt-api-0.12.6.jar;C:\Users\babav\.m2\repository\io\jsonwebtoken\jjwt-impl\0.12.6\jjwt-impl-0.12.6.jar;C:\Users\babav\.m2\repository\io\jsonwebtoken\jjwt-jackson\0.12.6\jjwt-jackson-0.12.6.jar;C:\Users\babav\.m2\repository\com\fasterxml\jackson\module\jackson-module-jsonSchema\2.13.0\jackson-module-jsonSchema-2.13.0.jar;C:\Users\babav\.m2\repository\javax\validation\validation-api\1.1.0.Final\validation-api-1.1.0.Final.jar;C:\Users\babav\.m2\repository\com\fasterxml\jackson\core\jackson-core\2.16.2\jackson-core-2.16.2.jar;C:\Users\babav\.m2\repository\com\fasterxml\jackson\core\jackson-annotations\2.16.2\jackson-annotations-2.16.2.jar;C:\Users\babav\.m2\repository\org\springdoc\springdoc-openapi-starter-webmvc-ui\2.3.0\springdoc-openapi-starter-webmvc-ui-2.3.0.jar;C:\Users\babav\.m2\repository\org\springdoc\springdoc-openapi-starter-webmvc-api\2.3.0\springdoc-openapi-starter-webmvc-api-2.3.0.jar;C:\Users\babav\.m2\repository\org\springdoc\springdoc-openapi-starter-common\2.3.0\springdoc-openapi-starter-common-2.3.0.jar;C:\Users\babav\.m2\repository\org\springframework\boot\spring-boot-autoconfigure\3.2.0\spring-boot-autoconfigure-3.2.0.jar;C:\Users\babav\.m2\repository\org\springframework\boot\spring-boot\3.2.0\spring-boot-3.2.0.jar;C:\Users\babav\.m2\repository\io\swagger\core\v3\swagger-core-jakarta\2.2.19\swagger-core-jakarta-2.2.19.jar;C:\Users\babav\.m2\repository\io\swagger\core\v3\swagger-annotations-jakarta\2.2.19\swagger-annotations-jakarta-2.2.19.jar;C:\Users\babav\.m2\repository\io\swagger\core\v3\swagger-models-jakarta\2.2.19\swagger-models-jakarta-2.2.19.jar;C:\Users\babav\.m2\repository\jakarta\xml\bind\jakarta.xml.bind-api\3.0.0\jakarta.xml.bind-api-3.0.0.jar;C:\Users\babav\.m2\repository\com\sun\activation\jakarta.activation\2.0.0\jakarta.activation-2.0.0.jar;C:\Users\babav\.m2\repository\jakarta\validation\jakarta.validation-api\3.0.2\jakarta.validation-api-3.0.2.jar;C:\Users\babav\.m2\repository\org\springframework\spring-webmvc\6.1.1\spring-webmvc-6.1.1.jar;C:\Users\babav\.m2\repository\org\webjars\swagger-ui\5.10.3\swagger-ui-5.10.3.jar;C:\Users\babav\.m2\repository\dev\langchain4j\langchain4j-open-ai\1.0.0-alpha1\langchain4j-open-ai-1.0.0-alpha1.jar;C:\Users\babav\.m2\repository\dev\langchain4j\langchain4j-core\1.0.0-alpha1\langchain4j-core-1.0.0-alpha1.jar;C:\Users\babav\.m2\repository\org\jspecify\jspecify\1.0.0\jspecify-1.0.0.jar;C:\Users\babav\.m2\repository\dev\ai4j\openai4j\0.25.0\openai4j-0.25.0.jar;C:\Users\babav\.m2\repository\com\squareup\retrofit2\converter-jackson\2.9.0\converter-jackson-2.9.0.jar;C:\Users\babav\.m2\repository\com\knuddels\jtokkit\1.1.0\jtokkit-1.1.0.jar;C:\Users\babav\.m2\repository\com\microsoft\playwright\playwright\1.18.0\playwright-1.18.0.jar;C:\Users\babav\.m2\repository\com\microsoft\playwright\driver\1.18.0\driver-1.18.0.jar;C:\Users\babav\.m2\repository\com\microsoft\playwright\driver-bundle\1.18.0\driver-bundle-1.18.0.jar;C:\Users\babav\.m2\repository\dev\langchain4j\langchain4j\1.0.0-alpha1\langchain4j-1.0.0-alpha1.jar;C:\Users\babav\.m2\repository\org\apache\opennlp\opennlp-tools\1.9.4\opennlp-tools-1.9.4.jar;C:\Users\babav\.m2\repository\dev\langchain4j\langchain4j-embeddings-all-minilm-l6-v2\1.0.0-alpha1\langchain4j-embeddings-all-minilm-l6-v2-1.0.0-alpha1.jar;C:\Users\babav\.m2\repository\dev\langchain4j\langchain4j-embeddings\1.0.0-alpha1\langchain4j-embeddings-1.0.0-alpha1.jar;C:\Users\babav\.m2\repository\com\microsoft\onnxruntime\onnxruntime\1.20.0\onnxruntime-1.20.0.jar;C:\Users\babav\.m2\repository\ai\djl\api\0.30.0\api-0.30.0.jar;C:\Users\babav\.m2\repository\ai\djl\huggingface\tokenizers\0.30.0\tokenizers-0.30.0.jar;C:\Users\babav\.m2\repository\org\jsoup\jsoup\1.14.3\jsoup-1.14.3.jar;C:\Users\babav\.m2\repository\software\amazon\awssdk\dynamodb\2.20.55\dynamodb-2.20.55.jar;C:\Users\babav\.m2\repository\software\amazon\awssdk\aws-json-protocol\2.20.55\aws-json-protocol-2.20.55.jar;C:\Users\babav\.m2\repository\software\amazon\awssdk\third-party-jackson-core\2.20.55\third-party-jackson-core-2.20.55.jar;C:\Users\babav\.m2\repository\software\amazon\awssdk\protocol-core\2.20.55\protocol-core-2.20.55.jar;C:\Users\babav\.m2\repository\software\amazon\awssdk\profiles\2.20.55\profiles-2.20.55.jar;C:\Users\babav\.m2\repository\software\amazon\awssdk\sdk-core\2.20.55\sdk-core-2.20.55.jar;C:\Users\babav\.m2\repository\org\reactivestreams\reactive-streams\1.0.3\reactive-streams-1.0.3.jar;C:\Users\babav\.m2\repository\software\amazon\awssdk\http-client-spi\2.20.55\http-client-spi-2.20.55.jar;C:\Users\babav\.m2\repository\software\amazon\awssdk\regions\2.20.55\regions-2.20.55.jar;C:\Users\babav\.m2\repository\software\amazon\awssdk\annotations\2.20.55\annotations-2.20.55.jar;C:\Users\babav\.m2\repository\software\amazon\awssdk\utils\2.20.55\utils-2.20.55.jar;C:\Users\babav\.m2\repository\software\amazon\awssdk\aws-core\2.20.55\aws-core-2.20.55.jar;C:\Users\babav\.m2\repository\software\amazon\awssdk\metrics-spi\2.20.55\metrics-spi-2.20.55.jar;C:\Users\babav\.m2\repository\software\amazon\awssdk\json-utils\2.20.55\json-utils-2.20.55.jar;C:\Users\babav\.m2\repository\software\amazon\awssdk\endpoints-spi\2.20.55\endpoints-spi-2.20.55.jar;C:\Users\babav\.m2\repository\software\amazon\awssdk\apache-client\2.20.55\apache-client-2.20.55.jar;C:\Users\babav\.m2\repository\software\amazon\awssdk\netty-nio-client\2.20.55\netty-nio-client-2.20.55.jar;C:\Users\babav\.m2\repository\io\netty\netty-codec-http\4.1.86.Final\netty-codec-http-4.1.86.Final.jar;C:\Users\babav\.m2\repository\io\netty\netty-codec-http2\4.1.86.Final\netty-codec-http2-4.1.86.Final.jar;C:\Users\babav\.m2\repository\io\netty\netty-codec\4.1.86.Final\netty-codec-4.1.86.Final.jar;C:\Users\babav\.m2\repository\io\netty\netty-transport\4.1.86.Final\netty-transport-4.1.86.Final.jar;C:\Users\babav\.m2\repository\io\netty\netty-resolver\4.1.86.Final\netty-resolver-4.1.86.Final.jar;C:\Users\babav\.m2\repository\io\netty\netty-common\4.1.86.Final\netty-common-4.1.86.Final.jar;C:\Users\babav\.m2\repository\io\netty\netty-buffer\4.1.86.Final\netty-buffer-4.1.86.Final.jar;C:\Users\babav\.m2\repository\io\netty\netty-handler\4.1.86.Final\netty-handler-4.1.86.Final.jar;C:\Users\babav\.m2\repository\io\netty\netty-transport-native-unix-common\4.1.86.Final\netty-transport-native-unix-common-4.1.86.Final.jar;C:\Users\babav\.m2\repository\io\netty\netty-transport-classes-epoll\4.1.86.Final\netty-transport-classes-epoll-4.1.86.Final.jar;C:\Users\babav\.m2\repository\software\amazon\awssdk\auth\2.20.55\auth-2.20.55.jar;C:\Users\babav\.m2\repository\software\amazon\eventstream\eventstream\1.0.1\eventstream-1.0.1.jar;C:\Users\babav\.m2\repository\jakarta\annotation\jakarta.annotation-api\3.0.0\jakarta.annotation-api-3.0.0.jar;C:\Users\babav\.m2\repository\org\projectlombok\lombok\1.18.26\lombok-1.18.26.jar;C:\Users\babav\.m2\repository\com\fasterxml\jackson\core\jackson-databind\2.15.2\jackson-databind-2.15.2.jar;C:\Users\babav\.m2\repository\com\squareup\okhttp3\okhttp\4.10.0\okhttp-4.10.0.jar;C:\Users\babav\.m2\repository\com\squareup\okio\okio-jvm\3.0.0\okio-jvm-3.0.0.jar;C:\Users\babav\.m2\repository\org\jetbrains\kotlin\kotlin-stdlib-jdk8\1.5.31\kotlin-stdlib-jdk8-1.5.31.jar;C:\Users\babav\.m2\repository\org\jetbrains\kotlin\kotlin-stdlib-jdk7\1.5.31\kotlin-stdlib-jdk7-1.5.31.jar;C:\Users\babav\.m2\repository\org\jetbrains\kotlin\kotlin-stdlib-common\1.5.31\kotlin-stdlib-common-1.5.31.jar;C:\Users\babav\.m2\repository\org\jetbrains\kotlin\kotlin-stdlib\1.6.20\kotlin-stdlib-1.6.20.jar;C:\Users\babav\.m2\repository\org\jetbrains\annotations\13.0\annotations-13.0.jar;C:\Users\babav\.m2\repository\org\slf4j\slf4j-api\2.0.7\slf4j-api-2.0.7.jar;C:\Users\babav\.m2\repository\ch\qos\logback\logback-classic\1.4.8\logback-classic-1.4.8.jar;C:\Users\babav\.m2\repository\ch\qos\logback\logback-core\1.4.8\logback-core-1.4.8.jar;C:\Users\babav\.m2\repository\org\springframework\spring-web\6.0.11\spring-web-6.0.11.jar;C:\Users\babav\.m2\repository\org\springframework\spring-beans\6.0.11\spring-beans-6.0.11.jar;C:\Users\babav\.m2\repository\org\springframework\spring-core\6.0.11\spring-core-6.0.11.jar;C:\Users\babav\.m2\repository\org\springframework\spring-jcl\6.0.11\spring-jcl-6.0.11.jar;C:\Users\babav\.m2\repository\io\micrometer\micrometer-observation\1.10.9\micrometer-observation-1.10.9.jar;C:\Users\babav\.m2\repository\io\micrometer\micrometer-commons\1.10.9\micrometer-commons-1.10.9.jar;C:\Users\babav\.m2\repository\org\junit\jupiter\junit-jupiter-api\5.9.2\junit-jupiter-api-5.9.2.jar;C:\Users\babav\.m2\repository\org\opentest4j\opentest4j\1.2.0\opentest4j-1.2.0.jar;C:\Users\babav\.m2\repository\org\junit\platform\junit-platform-commons\1.9.2\junit-platform-commons-1.9.2.jar;C:\Users\babav\.m2\repository\org\apiguardian\apiguardian-api\1.1.2\apiguardian-api-1.1.2.jar;C:\Users\babav\.m2\repository\org\junit\jupiter\junit-jupiter-engine\5.9.2\junit-jupiter-engine-5.9.2.jar;C:\Users\babav\.m2\repository\org\junit\platform\junit-platform-engine\1.9.2\junit-platform-engine-1.9.2.jar;C:\Users\babav\.m2\repository\org\mockito\mockito-core\5.3.1\mockito-core-5.3.1.jar;C:\Users\babav\.m2\repository\net\bytebuddy\byte-buddy\1.14.4\byte-buddy-1.14.4.jar;C:\Users\babav\.m2\repository\net\bytebuddy\byte-buddy-agent\1.14.4\byte-buddy-agent-1.14.4.jar;C:\Users\babav\.m2\repository\org\objenesis\objenesis\3.3\objenesis-3.3.jar;C:\Users\babav\.m2\repository\org\mockito\mockito-junit-jupiter\5.3.1\mockito-junit-jupiter-5.3.1.jar;"/>
    <property name="java.vm.vendor" value="Oracle Corporation"/>
    <property name="sun.arch.data.model" value="64"/>
    <property name="user.variant" value=""/>
    <property name="java.vendor.url" value="https://java.oracle.com/"/>
    <property name="user.timezone" value="America/Toronto"/>
    <property name="os.name" value="Windows 11"/>
    <property name="java.vm.specification.version" value="18"/>
    <property name="sun.java.launcher" value="SUN_STANDARD"/>
    <property name="user.country" value="CA"/>
    <property name="sun.boot.library.path" value="C:\Program Files\Java\jdk-18.0.2.1\bin"/>
    <property name="sun.java.command" value="C:\Users\babav\AppData\Local\Temp\surefire2757816246801989442\surefirebooter-20250917175334426_3.jar C:\Users\babav\AppData\Local\Temp\surefire2757816246801989442 2025-09-17T17-53-34_326-jvmRun1 surefire-20250917175334426_1tmp surefire_0-20250917175334426_2tmp"/>
    <property name="jdk.debug" value="release"/>
    <property name="surefire.test.class.path" value="C:\work\ap2java\target\test-classes;C:\work\ap2java\target\classes;C:\Users\babav\.m2\repository\io\github\vishalmysore\a2ajava\0.1.9.6\a2ajava-0.1.9.6.jar;C:\Users\babav\.m2\repository\io\github\vishalmysore\tools4ai\1.1.6.2\tools4ai-1.1.6.2.jar;C:\Users\babav\.m2\repository\io\github\bonigarcia\webdrivermanager\5.8.0\webdrivermanager-5.8.0.jar;C:\Users\babav\.m2\repository\com\github\docker-java\docker-java\3.3.6\docker-java-3.3.6.jar;C:\Users\babav\.m2\repository\com\github\docker-java\docker-java-core\3.3.6\docker-java-core-3.3.6.jar;C:\Users\babav\.m2\repository\com\github\docker-java\docker-java-api\3.3.6\docker-java-api-3.3.6.jar;C:\Users\babav\.m2\repository\org\bouncycastle\bcpkix-jdk18on\1.76\bcpkix-jdk18on-1.76.jar;C:\Users\babav\.m2\repository\org\bouncycastle\bcprov-jdk18on\1.76\bcprov-jdk18on-1.76.jar;C:\Users\babav\.m2\repository\org\bouncycastle\bcutil-jdk18on\1.76\bcutil-jdk18on-1.76.jar;C:\Users\babav\.m2\repository\org\slf4j\jcl-over-slf4j\1.7.30\jcl-over-slf4j-1.7.30.jar;C:\Users\babav\.m2\repository\com\github\docker-java\docker-java-transport-httpclient5\3.3.6\docker-java-transport-httpclient5-3.3.6.jar;C:\Users\babav\.m2\repository\com\github\docker-java\docker-java-transport\3.3.6\docker-java-transport-3.3.6.jar;C:\Users\babav\.m2\repository\net\java\dev\jna\jna\5.13.0\jna-5.13.0.jar;C:\Users\babav\.m2\repository\org\brotli\dec\0.1.2\dec-0.1.2.jar;C:\Users\babav\.m2\repository\org\apache\commons\commons-lang3\3.14.0\commons-lang3-3.14.0.jar;C:\Users\babav\.m2\repository\org\apache\commons\commons-compress\1.26.1\commons-compress-1.26.1.jar;C:\Users\babav\.m2\repository\org\apache\httpcomponents\client5\httpclient5\5.2.1\httpclient5-5.2.1.jar;C:\Users\babav\.m2\repository\org\apache\httpcomponents\core5\httpcore5\5.2\httpcore5-5.2.jar;C:\Users\babav\.m2\repository\org\apache\httpcomponents\core5\httpcore5-h2\5.2\httpcore5-h2-5.2.jar;C:\Users\babav\.m2\repository\org\seleniumhq\selenium\selenium-java\4.19.1\selenium-java-4.19.1.jar;C:\Users\babav\.m2\repository\org\seleniumhq\selenium\selenium-api\4.19.1\selenium-api-4.19.1.jar;C:\Users\babav\.m2\repository\org\seleniumhq\selenium\selenium-chrome-driver\4.19.1\selenium-chrome-driver-4.19.1.jar;C:\Users\babav\.m2\repository\com\google\auto\service\auto-service-annotations\1.1.1\auto-service-annotations-1.1.1.jar;C:\Users\babav\.m2\repository\org\seleniumhq\selenium\selenium-chromium-driver\4.19.1\selenium-chromium-driver-4.19.1.jar;C:\Users\babav\.m2\repository\org\seleniumhq\selenium\selenium-json\4.19.1\selenium-json-4.19.1.jar;C:\Users\babav\.m2\repository\org\seleniumhq\selenium\selenium-manager\4.19.1\selenium-manager-4.19.1.jar;C:\Users\babav\.m2\repository\org\seleniumhq\selenium\selenium-devtools-v121\4.19.1\selenium-devtools-v121-4.19.1.jar;C:\Users\babav\.m2\repository\org\seleniumhq\selenium\selenium-devtools-v122\4.19.1\selenium-devtools-v122-4.19.1.jar;C:\Users\babav\.m2\repository\org\seleniumhq\selenium\selenium-devtools-v123\4.19.1\selenium-devtools-v123-4.19.1.jar;C:\Users\babav\.m2\repository\org\seleniumhq\selenium\selenium-devtools-v85\4.19.1\selenium-devtools-v85-4.19.1.jar;C:\Users\babav\.m2\repository\org\seleniumhq\selenium\selenium-edge-driver\4.19.1\selenium-edge-driver-4.19.1.jar;C:\Users\babav\.m2\repository\org\seleniumhq\selenium\selenium-firefox-driver\4.19.1\selenium-firefox-driver-4.19.1.jar;C:\Users\babav\.m2\repository\org\seleniumhq\selenium\selenium-http\4.19.1\selenium-http-4.19.1.jar;C:\Users\babav\.m2\repository\dev\failsafe\failsafe\3.3.2\failsafe-3.3.2.jar;C:\Users\babav\.m2\repository\org\seleniumhq\selenium\selenium-ie-driver\4.19.1\selenium-ie-driver-4.19.1.jar;C:\Users\babav\.m2\repository\org\seleniumhq\selenium\selenium-remote-driver\4.19.1\selenium-remote-driver-4.19.1.jar;C:\Users\babav\.m2\repository\io\opentelemetry\semconv\opentelemetry-semconv\1.23.1-alpha\opentelemetry-semconv-1.23.1-alpha.jar;C:\Users\babav\.m2\repository\io\opentelemetry\opentelemetry-exporter-logging\1.36.0\opentelemetry-exporter-logging-1.36.0.jar;C:\Users\babav\.m2\repository\io\opentelemetry\opentelemetry-sdk-common\1.36.0\opentelemetry-sdk-common-1.36.0.jar;C:\Users\babav\.m2\repository\io\opentelemetry\opentelemetry-sdk-extension-autoconfigure-spi\1.36.0\opentelemetry-sdk-extension-autoconfigure-spi-1.36.0.jar;C:\Users\babav\.m2\repository\io\opentelemetry\opentelemetry-sdk-extension-autoconfigure\1.36.0\opentelemetry-sdk-extension-autoconfigure-1.36.0.jar;C:\Users\babav\.m2\repository\io\opentelemetry\opentelemetry-api-events\1.36.0-alpha\opentelemetry-api-events-1.36.0-alpha.jar;C:\Users\babav\.m2\repository\io\opentelemetry\opentelemetry-sdk-trace\1.36.0\opentelemetry-sdk-trace-1.36.0.jar;C:\Users\babav\.m2\repository\io\opentelemetry\opentelemetry-extension-incubator\1.36.0-alpha\opentelemetry-extension-incubator-1.36.0-alpha.jar;C:\Users\babav\.m2\repository\io\opentelemetry\opentelemetry-sdk\1.36.0\opentelemetry-sdk-1.36.0.jar;C:\Users\babav\.m2\repository\io\opentelemetry\opentelemetry-sdk-metrics\1.36.0\opentelemetry-sdk-metrics-1.36.0.jar;C:\Users\babav\.m2\repository\io\opentelemetry\opentelemetry-sdk-logs\1.36.0\opentelemetry-sdk-logs-1.36.0.jar;C:\Users\babav\.m2\repository\org\seleniumhq\selenium\selenium-os\4.19.1\selenium-os-4.19.1.jar;C:\Users\babav\.m2\repository\org\apache\commons\commons-exec\1.3\commons-exec-1.3.jar;C:\Users\babav\.m2\repository\org\seleniumhq\selenium\selenium-safari-driver\4.19.1\selenium-safari-driver-4.19.1.jar;C:\Users\babav\.m2\repository\org\seleniumhq\selenium\selenium-support\4.19.1\selenium-support-4.19.1.jar;C:\Users\babav\.m2\repository\org\springframework\spring-context\6.1.5\spring-context-6.1.5.jar;C:\Users\babav\.m2\repository\org\springframework\spring-aop\6.1.5\spring-aop-6.1.5.jar;C:\Users\babav\.m2\repository\org\springframework\spring-expression\6.1.5\spring-expression-6.1.5.jar;C:\Users\babav\.m2\repository\org\json\json\20240303\json-20240303.jar;C:\Users\babav\.m2\repository\io\swagger\parser\v3\swagger-parser\2.0.2\swagger-parser-2.0.2.jar;C:\Users\babav\.m2\repository\io\swagger\parser\v3\swagger-parser-v2-converter\2.0.2\swagger-parser-v2-converter-2.0.2.jar;C:\Users\babav\.m2\repository\io\swagger\swagger-compat-spec-parser\1.0.37\swagger-compat-spec-parser-1.0.37.jar;C:\Users\babav\.m2\repository\com\github\java-json-tools\json-schema-validator\2.2.8\json-schema-validator-2.2.8.jar;C:\Users\babav\.m2\repository\com\github\java-json-tools\json-schema-core\1.2.8\json-schema-core-1.2.8.jar;C:\Users\babav\.m2\repository\org\mozilla\rhino\1.7R4\rhino-1.7R4.jar;C:\Users\babav\.m2\repository\com\github\fge\uri-template\0.9\uri-template-0.9.jar;C:\Users\babav\.m2\repository\javax\mail\mailapi\1.4.3\mailapi-1.4.3.jar;C:\Users\babav\.m2\repository\javax\activation\activation\1.1\activation-1.1.jar;C:\Users\babav\.m2\repository\joda-time\joda-time\2.9.7\joda-time-2.9.7.jar;C:\Users\babav\.m2\repository\com\googlecode\libphonenumber\libphonenumber\8.0.0\libphonenumber-8.0.0.jar;C:\Users\babav\.m2\repository\net\sf\jopt-simple\jopt-simple\5.0.3\jopt-simple-5.0.3.jar;C:\Users\babav\.m2\repository\com\github\fge\json-patch\1.6\json-patch-1.6.jar;C:\Users\babav\.m2\repository\com\github\fge\jackson-coreutils\1.6\jackson-coreutils-1.6.jar;C:\Users\babav\.m2\repository\com\github\fge\msg-simple\1.1\msg-simple-1.1.jar;C:\Users\babav\.m2\repository\com\github\fge\btf\1.2\btf-1.2.jar;C:\Users\babav\.m2\repository\io\swagger\core\v3\swagger-models\2.0.3\swagger-models-2.0.3.jar;C:\Users\babav\.m2\repository\io\swagger\parser\v3\swagger-parser-core\2.0.2\swagger-parser-core-2.0.2.jar;C:\Users\babav\.m2\repository\io\swagger\parser\v3\swagger-parser-v3\2.0.2\swagger-parser-v3-2.0.2.jar;C:\Users\babav\.m2\repository\io\swagger\core\v3\swagger-core\2.0.3\swagger-core-2.0.3.jar;C:\Users\babav\.m2\repository\javax\xml\bind\jaxb-api\2.3.0\jaxb-api-2.3.0.jar;C:\Users\babav\.m2\repository\io\swagger\core\v3\swagger-annotations\2.0.3\swagger-annotations-2.0.3.jar;C:\Users\babav\.m2\repository\com\fasterxml\jackson\dataformat\jackson-dataformat-yaml\2.9.5\jackson-dataformat-yaml-2.9.5.jar;C:\Users\babav\.m2\repository\org\slf4j\slf4j-ext\1.6.3\slf4j-ext-1.6.3.jar;C:\Users\babav\.m2\repository\ch\qos\cal10n\cal10n-api\0.7.4\cal10n-api-0.7.4.jar;C:\Users\babav\.m2\repository\commons-io\commons-io\2.4\commons-io-2.4.jar;C:\Users\babav\.m2\repository\io\swagger\swagger-parser\1.0.36\swagger-parser-1.0.36.jar;C:\Users\babav\.m2\repository\io\swagger\swagger-core\1.5.20\swagger-core-1.5.20.jar;C:\Users\babav\.m2\repository\io\swagger\swagger-models\1.5.20\swagger-models-1.5.20.jar;C:\Users\babav\.m2\repository\io\swagger\swagger-annotations\1.5.20\swagger-annotations-1.5.20.jar;C:\Users\babav\.m2\repository\com\google\cloud\google-cloud-vertexai\0.7.0\google-cloud-vertexai-0.7.0.jar;C:\Users\babav\.m2\repository\io\grpc\grpc-api\1.62.2\grpc-api-1.62.2.jar;C:\Users\babav\.m2\repository\com\google\code\findbugs\jsr305\3.0.2\jsr305-3.0.2.jar;C:\Users\babav\.m2\repository\com\google\errorprone\error_prone_annotations\2.26.1\error_prone_annotations-2.26.1.jar;C:\Users\babav\.m2\repository\io\grpc\grpc-stub\1.62.2\grpc-stub-1.62.2.jar;C:\Users\babav\.m2\repository\io\grpc\grpc-protobuf\1.62.2\grpc-protobuf-1.62.2.jar;C:\Users\babav\.m2\repository\io\grpc\grpc-protobuf-lite\1.62.2\grpc-protobuf-lite-1.62.2.jar;C:\Users\babav\.m2\repository\com\google\api\api-common\2.29.1\api-common-2.29.1.jar;C:\Users\babav\.m2\repository\com\google\auto\value\auto-value-annotations\1.10.4\auto-value-annotations-1.10.4.jar;C:\Users\babav\.m2\repository\javax\annotation\javax.annotation-api\1.3.2\javax.annotation-api-1.3.2.jar;C:\Users\babav\.m2\repository\com\google\j2objc\j2objc-annotations\3.0.0\j2objc-annotations-3.0.0.jar;C:\Users\babav\.m2\repository\com\google\protobuf\protobuf-java\3.25.2\protobuf-java-3.25.2.jar;C:\Users\babav\.m2\repository\com\google\api\grpc\proto-google-common-protos\2.37.1\proto-google-common-protos-2.37.1.jar;C:\Users\babav\.m2\repository\com\google\api\grpc\proto-google-cloud-vertexai-v1\0.7.0\proto-google-cloud-vertexai-v1-0.7.0.jar;C:\Users\babav\.m2\repository\com\google\guava\guava\33.1.0-jre\guava-33.1.0-jre.jar;C:\Users\babav\.m2\repository\com\google\guava\failureaccess\1.0.2\failureaccess-1.0.2.jar;C:\Users\babav\.m2\repository\com\google\guava\listenablefuture\9999.0-empty-to-avoid-conflict-with-guava\listenablefuture-9999.0-empty-to-avoid-conflict-with-guava.jar;C:\Users\babav\.m2\repository\org\checkerframework\checker-qual\3.42.0\checker-qual-3.42.0.jar;C:\Users\babav\.m2\repository\com\google\api\gax\2.46.1\gax-2.46.1.jar;C:\Users\babav\.m2\repository\com\google\auth\google-auth-library-credentials\1.23.0\google-auth-library-credentials-1.23.0.jar;C:\Users\babav\.m2\repository\io\opencensus\opencensus-api\0.31.1\opencensus-api-0.31.1.jar;C:\Users\babav\.m2\repository\io\grpc\grpc-context\1.62.2\grpc-context-1.62.2.jar;C:\Users\babav\.m2\repository\com\google\auth\google-auth-library-oauth2-http\1.23.0\google-auth-library-oauth2-http-1.23.0.jar;C:\Users\babav\.m2\repository\io\opentelemetry\opentelemetry-api\1.36.0\opentelemetry-api-1.36.0.jar;C:\Users\babav\.m2\repository\io\opentelemetry\opentelemetry-context\1.36.0\opentelemetry-context-1.36.0.jar;C:\Users\babav\.m2\repository\com\google\api\gax-grpc\2.46.1\gax-grpc-2.46.1.jar;C:\Users\babav\.m2\repository\io\grpc\grpc-inprocess\1.62.2\grpc-inprocess-1.62.2.jar;C:\Users\babav\.m2\repository\io\grpc\grpc-core\1.62.2\grpc-core-1.62.2.jar;C:\Users\babav\.m2\repository\com\google\android\annotations\4.1.1.4\annotations-4.1.1.4.jar;C:\Users\babav\.m2\repository\org\codehaus\mojo\animal-sniffer-annotations\1.23\animal-sniffer-annotations-1.23.jar;C:\Users\babav\.m2\repository\io\grpc\grpc-alts\1.62.2\grpc-alts-1.62.2.jar;C:\Users\babav\.m2\repository\io\grpc\grpc-grpclb\1.62.2\grpc-grpclb-1.62.2.jar;C:\Users\babav\.m2\repository\org\conscrypt\conscrypt-openjdk-uber\2.5.2\conscrypt-openjdk-uber-2.5.2.jar;C:\Users\babav\.m2\repository\io\grpc\grpc-auth\1.62.2\grpc-auth-1.62.2.jar;C:\Users\babav\.m2\repository\io\grpc\grpc-netty-shaded\1.62.2\grpc-netty-shaded-1.62.2.jar;C:\Users\babav\.m2\repository\io\grpc\grpc-util\1.62.2\grpc-util-1.62.2.jar;C:\Users\babav\.m2\repository\io\perfmark\perfmark-api\0.27.0\perfmark-api-0.27.0.jar;C:\Users\babav\.m2\repository\io\grpc\grpc-googleapis\1.62.2\grpc-googleapis-1.62.2.jar;C:\Users\babav\.m2\repository\io\grpc\grpc-xds\1.62.2\grpc-xds-1.62.2.jar;C:\Users\babav\.m2\repository\io\opencensus\opencensus-proto\0.2.0\opencensus-proto-0.2.0.jar;C:\Users\babav\.m2\repository\io\grpc\grpc-services\1.62.2\grpc-services-1.62.2.jar;C:\Users\babav\.m2\repository\com\google\re2j\re2j\1.7\re2j-1.7.jar;C:\Users\babav\.m2\repository\com\google\api\gax-httpjson\2.46.1\gax-httpjson-2.46.1.jar;C:\Users\babav\.m2\repository\com\google\http-client\google-http-client\1.44.1\google-http-client-1.44.1.jar;C:\Users\babav\.m2\repository\org\apache\httpcomponents\httpclient\4.5.14\httpclient-4.5.14.jar;C:\Users\babav\.m2\repository\commons-codec\commons-codec\1.16.1\commons-codec-1.16.1.jar;C:\Users\babav\.m2\repository\org\apache\httpcomponents\httpcore\4.4.16\httpcore-4.4.16.jar;C:\Users\babav\.m2\repository\io\opencensus\opencensus-contrib-http-util\0.31.1\opencensus-contrib-http-util-0.31.1.jar;C:\Users\babav\.m2\repository\com\google\http-client\google-http-client-gson\1.44.1\google-http-client-gson-1.44.1.jar;C:\Users\babav\.m2\repository\com\google\protobuf\protobuf-java-util\3.25.2\protobuf-java-util-3.25.2.jar;C:\Users\babav\.m2\repository\com\google\api\grpc\grpc-google-common-protos\2.37.1\grpc-google-common-protos-2.37.1.jar;C:\Users\babav\.m2\repository\com\google\api\grpc\proto-google-iam-v1\1.32.1\proto-google-iam-v1-1.32.1.jar;C:\Users\babav\.m2\repository\com\google\api\grpc\grpc-google-iam-v1\1.32.1\grpc-google-iam-v1-1.32.1.jar;C:\Users\babav\.m2\repository\org\threeten\threetenbp\1.6.8\threetenbp-1.6.8.jar;C:\Users\babav\.m2\repository\com\google\code\gson\gson\2.8.9\gson-2.8.9.jar;C:\Users\babav\.m2\repository\org\yaml\snakeyaml\2.2\snakeyaml-2.2.jar;C:\Users\babav\.m2\repository\org\reflections\reflections\0.9.11\reflections-0.9.11.jar;C:\Users\babav\.m2\repository\org\javassist\javassist\3.21.0-GA\javassist-3.21.0-GA.jar;C:\Users\babav\.m2\repository\dev\langchain4j\langchain4j-local-ai\0.29.1\langchain4j-local-ai-0.29.1.jar;C:\Users\babav\.m2\repository\dev\langchain4j\langchain4j-hugging-face\0.29.1\langchain4j-hugging-face-0.29.1.jar;C:\Users\babav\.m2\repository\com\squareup\retrofit2\retrofit\2.9.0\retrofit-2.9.0.jar;C:\Users\babav\.m2\repository\com\squareup\retrofit2\converter-gson\2.9.0\converter-gson-2.9.0.jar;C:\Users\babav\.m2\repository\dev\langchain4j\langchain4j-vertex-ai\0.29.1\langchain4j-vertex-ai-0.29.1.jar;C:\Users\babav\.m2\repository\com\google\cloud\google-cloud-aiplatform\3.33.0\google-cloud-aiplatform-3.33.0.jar;C:\Users\babav\.m2\repository\com\google\api\grpc\proto-google-cloud-aiplatform-v1beta1\0.49.0\proto-google-cloud-aiplatform-v1beta1-0.49.0.jar;C:\Users\babav\.m2\repository\com\google\api\grpc\proto-google-cloud-aiplatform-v1\3.33.0\proto-google-cloud-aiplatform-v1-3.33.0.jar;C:\Users\babav\.m2\repository\dev\langchain4j\langchain4j-anthropic\0.29.1\langchain4j-anthropic-0.29.1.jar;C:\Users\babav\.m2\repository\com\squareup\okhttp3\okhttp-sse\4.12.0\okhttp-sse-4.12.0.jar;C:\Users\babav\.m2\repository\com\konghq\unirest-java-core\4.3.0\unirest-java-core-4.3.0.jar;C:\Users\babav\.m2\repository\com\konghq\unirest-modules-gson\4.3.0\unirest-modules-gson-4.3.0.jar;C:\Users\babav\.m2\repository\com\konghq\unirest-modules-jackson\4.3.0\unirest-modules-jackson-4.3.0.jar;C:\Users\babav\.m2\repository\com\fasterxml\jackson\datatype\jackson-datatype-jsr310\2.16.2\jackson-datatype-jsr310-2.16.2.jar;C:\Users\babav\.m2\repository\org\java-websocket\Java-WebSocket\1.6.0\Java-WebSocket-1.6.0.jar;C:\Users\babav\.m2\repository\io\jsonwebtoken\jjwt\0.12.6\jjwt-0.12.6.jar;C:\Users\babav\.m2\repository\io\jsonwebtoken\jjwt-api\0.12.6\jjwt-api-0.12.6.jar;C:\Users\babav\.m2\repository\io\jsonwebtoken\jjwt-impl\0.12.6\jjwt-impl-0.12.6.jar;C:\Users\babav\.m2\repository\io\jsonwebtoken\jjwt-jackson\0.12.6\jjwt-jackson-0.12.6.jar;C:\Users\babav\.m2\repository\com\fasterxml\jackson\module\jackson-module-jsonSchema\2.13.0\jackson-module-jsonSchema-2.13.0.jar;C:\Users\babav\.m2\repository\javax\validation\validation-api\1.1.0.Final\validation-api-1.1.0.Final.jar;C:\Users\babav\.m2\repository\com\fasterxml\jackson\core\jackson-core\2.16.2\jackson-core-2.16.2.jar;C:\Users\babav\.m2\repository\com\fasterxml\jackson\core\jackson-annotations\2.16.2\jackson-annotations-2.16.2.jar;C:\Users\babav\.m2\repository\org\springdoc\springdoc-openapi-starter-webmvc-ui\2.3.0\springdoc-openapi-starter-webmvc-ui-2.3.0.jar;C:\Users\babav\.m2\repository\org\springdoc\springdoc-openapi-starter-webmvc-api\2.3.0\springdoc-openapi-starter-webmvc-api-2.3.0.jar;C:\Users\babav\.m2\repository\org\springdoc\springdoc-openapi-starter-common\2.3.0\springdoc-openapi-starter-common-2.3.0.jar;C:\Users\babav\.m2\repository\org\springframework\boot\spring-boot-autoconfigure\3.2.0\spring-boot-autoconfigure-3.2.0.jar;C:\Users\babav\.m2\repository\org\springframework\boot\spring-boot\3.2.0\spring-boot-3.2.0.jar;C:\Users\babav\.m2\repository\io\swagger\core\v3\swagger-core-jakarta\2.2.19\swagger-core-jakarta-2.2.19.jar;C:\Users\babav\.m2\repository\io\swagger\core\v3\swagger-annotations-jakarta\2.2.19\swagger-annotations-jakarta-2.2.19.jar;C:\Users\babav\.m2\repository\io\swagger\core\v3\swagger-models-jakarta\2.2.19\swagger-models-jakarta-2.2.19.jar;C:\Users\babav\.m2\repository\jakarta\xml\bind\jakarta.xml.bind-api\3.0.0\jakarta.xml.bind-api-3.0.0.jar;C:\Users\babav\.m2\repository\com\sun\activation\jakarta.activation\2.0.0\jakarta.activation-2.0.0.jar;C:\Users\babav\.m2\repository\jakarta\validation\jakarta.validation-api\3.0.2\jakarta.validation-api-3.0.2.jar;C:\Users\babav\.m2\repository\org\springframework\spring-webmvc\6.1.1\spring-webmvc-6.1.1.jar;C:\Users\babav\.m2\repository\org\webjars\swagger-ui\5.10.3\swagger-ui-5.10.3.jar;C:\Users\babav\.m2\repository\dev\langchain4j\langchain4j-open-ai\1.0.0-alpha1\langchain4j-open-ai-1.0.0-alpha1.jar;C:\Users\babav\.m2\repository\dev\langchain4j\langchain4j-core\1.0.0-alpha1\langchain4j-core-1.0.0-alpha1.jar;C:\Users\babav\.m2\repository\org\jspecify\jspecify\1.0.0\jspecify-1.0.0.jar;C:\Users\babav\.m2\repository\dev\ai4j\openai4j\0.25.0\openai4j-0.25.0.jar;C:\Users\babav\.m2\repository\com\squareup\retrofit2\converter-jackson\2.9.0\converter-jackson-2.9.0.jar;C:\Users\babav\.m2\repository\com\knuddels\jtokkit\1.1.0\jtokkit-1.1.0.jar;C:\Users\babav\.m2\repository\com\microsoft\playwright\playwright\1.18.0\playwright-1.18.0.jar;C:\Users\babav\.m2\repository\com\microsoft\playwright\driver\1.18.0\driver-1.18.0.jar;C:\Users\babav\.m2\repository\com\microsoft\playwright\driver-bundle\1.18.0\driver-bundle-1.18.0.jar;C:\Users\babav\.m2\repository\dev\langchain4j\langchain4j\1.0.0-alpha1\langchain4j-1.0.0-alpha1.jar;C:\Users\babav\.m2\repository\org\apache\opennlp\opennlp-tools\1.9.4\opennlp-tools-1.9.4.jar;C:\Users\babav\.m2\repository\dev\langchain4j\langchain4j-embeddings-all-minilm-l6-v2\1.0.0-alpha1\langchain4j-embeddings-all-minilm-l6-v2-1.0.0-alpha1.jar;C:\Users\babav\.m2\repository\dev\langchain4j\langchain4j-embeddings\1.0.0-alpha1\langchain4j-embeddings-1.0.0-alpha1.jar;C:\Users\babav\.m2\repository\com\microsoft\onnxruntime\onnxruntime\1.20.0\onnxruntime-1.20.0.jar;C:\Users\babav\.m2\repository\ai\djl\api\0.30.0\api-0.30.0.jar;C:\Users\babav\.m2\repository\ai\djl\huggingface\tokenizers\0.30.0\tokenizers-0.30.0.jar;C:\Users\babav\.m2\repository\org\jsoup\jsoup\1.14.3\jsoup-1.14.3.jar;C:\Users\babav\.m2\repository\software\amazon\awssdk\dynamodb\2.20.55\dynamodb-2.20.55.jar;C:\Users\babav\.m2\repository\software\amazon\awssdk\aws-json-protocol\2.20.55\aws-json-protocol-2.20.55.jar;C:\Users\babav\.m2\repository\software\amazon\awssdk\third-party-jackson-core\2.20.55\third-party-jackson-core-2.20.55.jar;C:\Users\babav\.m2\repository\software\amazon\awssdk\protocol-core\2.20.55\protocol-core-2.20.55.jar;C:\Users\babav\.m2\repository\software\amazon\awssdk\profiles\2.20.55\profiles-2.20.55.jar;C:\Users\babav\.m2\repository\software\amazon\awssdk\sdk-core\2.20.55\sdk-core-2.20.55.jar;C:\Users\babav\.m2\repository\org\reactivestreams\reactive-streams\1.0.3\reactive-streams-1.0.3.jar;C:\Users\babav\.m2\repository\software\amazon\awssdk\http-client-spi\2.20.55\http-client-spi-2.20.55.jar;C:\Users\babav\.m2\repository\software\amazon\awssdk\regions\2.20.55\regions-2.20.55.jar;C:\Users\babav\.m2\repository\software\amazon\awssdk\annotations\2.20.55\annotations-2.20.55.jar;C:\Users\babav\.m2\repository\software\amazon\awssdk\utils\2.20.55\utils-2.20.55.jar;C:\Users\babav\.m2\repository\software\amazon\awssdk\aws-core\2.20.55\aws-core-2.20.55.jar;C:\Users\babav\.m2\repository\software\amazon\awssdk\metrics-spi\2.20.55\metrics-spi-2.20.55.jar;C:\Users\babav\.m2\repository\software\amazon\awssdk\json-utils\2.20.55\json-utils-2.20.55.jar;C:\Users\babav\.m2\repository\software\amazon\awssdk\endpoints-spi\2.20.55\endpoints-spi-2.20.55.jar;C:\Users\babav\.m2\repository\software\amazon\awssdk\apache-client\2.20.55\apache-client-2.20.55.jar;C:\Users\babav\.m2\repository\software\amazon\awssdk\netty-nio-client\2.20.55\netty-nio-client-2.20.55.jar;C:\Users\babav\.m2\repository\io\netty\netty-codec-http\4.1.86.Final\netty-codec-http-4.1.86.Final.jar;C:\Users\babav\.m2\repository\io\netty\netty-codec-http2\4.1.86.Final\netty-codec-http2-4.1.86.Final.jar;C:\Users\babav\.m2\repository\io\netty\netty-codec\4.1.86.Final\netty-codec-4.1.86.Final.jar;C:\Users\babav\.m2\repository\io\netty\netty-transport\4.1.86.Final\netty-transport-4.1.86.Final.jar;C:\Users\babav\.m2\repository\io\netty\netty-resolver\4.1.86.Final\netty-resolver-4.1.86.Final.jar;C:\Users\babav\.m2\repository\io\netty\netty-common\4.1.86.Final\netty-common-4.1.86.Final.jar;C:\Users\babav\.m2\repository\io\netty\netty-buffer\4.1.86.Final\netty-buffer-4.1.86.Final.jar;C:\Users\babav\.m2\repository\io\netty\netty-handler\4.1.86.Final\netty-handler-4.1.86.Final.jar;C:\Users\babav\.m2\repository\io\netty\netty-transport-native-unix-common\4.1.86.Final\netty-transport-native-unix-common-4.1.86.Final.jar;C:\Users\babav\.m2\repository\io\netty\netty-transport-classes-epoll\4.1.86.Final\netty-transport-classes-epoll-4.1.86.Final.jar;C:\Users\babav\.m2\repository\software\amazon\awssdk\auth\2.20.55\auth-2.20.55.jar;C:\Users\babav\.m2\repository\software\amazon\eventstream\eventstream\1.0.1\eventstream-1.0.1.jar;C:\Users\babav\.m2\repository\jakarta\annotation\jakarta.annotation-api\3.0.0\jakarta.annotation-api-3.0.0.jar;C:\Users\babav\.m2\repository\org\projectlombok\lombok\1.18.26\lombok-1.18.26.jar;C:\Users\babav\.m2\repository\com\fasterxml\jackson\core\jackson-databind\2.15.2\jackson-databind-2.15.2.jar;C:\Users\babav\.m2\repository\com\squareup\okhttp3\okhttp\4.10.0\okhttp-4.10.0.jar;C:\Users\babav\.m2\repository\com\squareup\okio\okio-jvm\3.0.0\okio-jvm-3.0.0.jar;C:\Users\babav\.m2\repository\org\jetbrains\kotlin\kotlin-stdlib-jdk8\1.5.31\kotlin-stdlib-jdk8-1.5.31.jar;C:\Users\babav\.m2\repository\org\jetbrains\kotlin\kotlin-stdlib-jdk7\1.5.31\kotlin-stdlib-jdk7-1.5.31.jar;C:\Users\babav\.m2\repository\org\jetbrains\kotlin\kotlin-stdlib-common\1.5.31\kotlin-stdlib-common-1.5.31.jar;C:\Users\babav\.m2\repository\org\jetbrains\kotlin\kotlin-stdlib\1.6.20\kotlin-stdlib-1.6.20.jar;C:\Users\babav\.m2\repository\org\jetbrains\annotations\13.0\annotations-13.0.jar;C:\Users\babav\.m2\repository\org\slf4j\slf4j-api\2.0.7\slf4j-api-2.0.7.jar;C:\Users\babav\.m2\repository\ch\qos\logback\logback-classic\1.4.8\logback-classic-1.4.8.jar;C:\Users\babav\.m2\repository\ch\qos\logback\logback-core\1.4.8\logback-core-1.4.8.jar;C:\Users\babav\.m2\repository\org\springframework\spring-web\6.0.11\spring-web-6.0.11.jar;C:\Users\babav\.m2\repository\org\springframework\spring-beans\6.0.11\spring-beans-6.0.11.jar;C:\Users\babav\.m2\repository\org\springframework\spring-core\6.0.11\spring-core-6.0.11.jar;C:\Users\babav\.m2\repository\org\springframework\spring-jcl\6.0.11\spring-jcl-6.0.11.jar;C:\Users\babav\.m2\repository\io\micrometer\micrometer-observation\1.10.9\micrometer-observation-1.10.9.jar;C:\Users\babav\.m2\repository\io\micrometer\micrometer-commons\1.10.9\micrometer-commons-1.10.9.jar;C:\Users\babav\.m2\repository\org\junit\jupiter\junit-jupiter-api\5.9.2\junit-jupiter-api-5.9.2.jar;C:\Users\babav\.m2\repository\org\opentest4j\opentest4j\1.2.0\opentest4j-1.2.0.jar;C:\Users\babav\.m2\repository\org\junit\platform\junit-platform-commons\1.9.2\junit-platform-commons-1.9.2.jar;C:\Users\babav\.m2\repository\org\apiguardian\apiguardian-api\1.1.2\apiguardian-api-1.1.2.jar;C:\Users\babav\.m2\repository\org\junit\jupiter\junit-jupiter-engine\5.9.2\junit-jupiter-engine-5.9.2.jar;C:\Users\babav\.m2\repository\org\junit\platform\junit-platform-engine\1.9.2\junit-platform-engine-1.9.2.jar;C:\Users\babav\.m2\repository\org\mockito\mockito-core\5.3.1\mockito-core-5.3.1.jar;C:\Users\babav\.m2\repository\net\bytebuddy\byte-buddy\1.14.4\byte-buddy-1.14.4.jar;C:\Users\babav\.m2\repository\net\bytebuddy\byte-buddy-agent\1.14.4\byte-buddy-agent-1.14.4.jar;C:\Users\babav\.m2\repository\org\objenesis\objenesis\3.3\objenesis-3.3.jar;C:\Users\babav\.m2\repository\org\mockito\mockito-junit-jupiter\5.3.1\mockito-junit-jupiter-5.3.1.jar;"/>
    <property name="sun.cpu.endian" value="little"/>
    <property name="user.home" value="C:\Users\babav"/>
    <property name="user.language" value="en"/>
    <property name="java.specification.vendor" value="Oracle Corporation"/>
    <property name="java.version.date" value="2022-08-18"/>
    <property name="java.home" value="C:\Program Files\Java\jdk-18.0.2.1"/>
    <property name="file.separator" value="\"/>
    <property name="basedir" value="C:\work\ap2java"/>
    <property name="java.vm.compressedOopsMode" value="Zero based"/>
    <property name="line.separator" value="&#10;"/>
    <property name="java.vm.specification.vendor" value="Oracle Corporation"/>
    <property name="java.specification.name" value="Java Platform API Specification"/>
    <property name="surefire.real.class.path" value="C:\Users\babav\AppData\Local\Temp\surefire2757816246801989442\surefirebooter-20250917175334426_3.jar"/>
    <property name="user.script" value=""/>
    <property name="sun.management.compiler" value="HotSpot 64-Bit Tiered Compilers"/>
    <property name="java.runtime.version" value="18.0.2.1+1-1"/>
    <property name="user.name" value="babav"/>
    <property name="path.separator" value=";"/>
    <property name="os.version" value="10.0"/>
    <property name="java.runtime.name" value="Java(TM) SE Runtime Environment"/>
    <property name="file.encoding" value="UTF-8"/>
    <property name="java.vm.name" value="Java HotSpot(TM) 64-Bit Server VM"/>
    <property name="localRepository" value="C:\Users\babav\.m2\repository"/>
    <property name="java.vendor.url.bug" value="https://bugreport.java.com/bugreport/"/>
    <property name="java.io.tmpdir" value="C:\Users\babav\AppData\Local\Temp\"/>
    <property name="java.version" value="18.0.2.1"/>
    <property name="user.dir" value="C:\work\ap2java"/>
    <property name="os.arch" value="amd64"/>
    <property name="java.vm.specification.name" value="Java Virtual Machine Specification"/>
    <property name="sun.os.patch.level" value=""/>
    <property name="native.encoding" value="Cp1252"/>
    <property name="java.library.path" value="C:\Program Files\Java\jdk-18.0.2.1\bin;C:\Windows\Sun\Java\bin;C:\Windows\system32;C:\Windows;C:\Program Files\Common Files\Oracle\Java\javapath;C:\Python313\Scripts\;C:\Python313\;C:\Windows\system32;C:\Windows;C:\Windows\System32\Wbem;C:\Windows\System32\WindowsPowerShell\v1.0\;C:\Windows\System32\OpenSSH\;C:\Program Files\nodejs\;C:\ProgramData\chocolatey\bin;C:\Program Files\Git\cmd;C:\Program Files\dotnet\;C:\Users\babav\Gpg4win\..\GnuPG\bin;C:\work\flutter\flutter\bin;C:\Program Files (x86)\Google\Cloud SDK\google-cloud-sdk\bin;C:\Program Files\CodeLLM\bin;C:\Program Files\GitHub CLI\;C:\Users\babav\scoop\apps\coursier\current\bin;C:\Users\babav\scoop\shims;C:\Users\babav\.local\bin;C:\Users\babav\AppData\Local\Programs\Python\Python312\Scripts\;C:\Users\babav\AppData\Local\Programs\Python\Python312\;C:\Users\babav\AppData\Local\Microsoft\WindowsApps;C:\Users\babav\AppData\Roaming\npm;C:\Program Files\JetBrains\WebStorm 2024.3.2.1\bin;;C:\Users\babav\AppData\Local\Programs\Microsoft VS Code\bin;c:\work\apache-maven-3.9.9\bin;C:\Users\babav\AppData\Local\Microsoft\WinGet\Links;;c:\Users\babav\AppData\Roaming\Code\User\globalStorage\github.copilot-chat\debugCommand;."/>
    <property name="java.vm.info" value="mixed mode, sharing"/>
    <property name="java.vendor" value="Oracle Corporation"/>
    <property name="java.vm.version" value="18.0.2.1+1-1"/>
    <property name="sun.io.unicode.encoding" value="UnicodeLittle"/>
    <property name="java.class.version" value="62.0"/>
  </properties>
  <testcase name="testCancelPayment" classname="io.github.ap2java.payment.SamplePaymentProcessorTest" time="0.297">
    <system-out><![CDATA[17:53:35.520 [ForkJoinPool.commonPool-worker-1] INFO io.github.ap2java.payment.SamplePaymentProcessor -- Creating payment for request: PaymentRequest(amount=50.00, currencyCode=USD, requestingAgentId=test-agent-1, receivingAgentId=test-agent-2, description=Test payment, metadata=null, externalReference=null, callbackUrl=null, paymentMethod=null)
17:53:35.628 [ForkJoinPool.commonPool-worker-1] INFO io.github.ap2java.payment.SamplePaymentProcessor -- Cancelling payment: fcd51b03-3edd-4abe-b16e-da24d8d6fe94
]]></system-out>
  </testcase>
  <testcase name="testCreatePayment" classname="io.github.ap2java.payment.SamplePaymentProcessorTest" time="0.002">
    <system-out><![CDATA[17:53:35.649 [ForkJoinPool.commonPool-worker-1] INFO io.github.ap2java.payment.SamplePaymentProcessor -- Creating payment for request: PaymentRequest(amount=50.00, currencyCode=USD, requestingAgentId=test-agent-1, receivingAgentId=test-agent-2, description=Test payment, metadata=null, externalReference=null, callbackUrl=null, paymentMethod=null)
]]></system-out>
  </testcase>
  <testcase name="testGetPayment" classname="io.github.ap2java.payment.SamplePaymentProcessorTest" time="0.003">
    <system-out><![CDATA[17:53:35.652 [ForkJoinPool.commonPool-worker-1] INFO io.github.ap2java.payment.SamplePaymentProcessor -- Creating payment for request: PaymentRequest(amount=50.00, currencyCode=USD, requestingAgentId=test-agent-1, receivingAgentId=test-agent-2, description=Test payment, metadata=null, externalReference=null, callbackUrl=null, paymentMethod=null)
17:53:35.653 [ForkJoinPool.commonPool-worker-1] INFO io.github.ap2java.payment.SamplePaymentProcessor -- Getting payment: cb699f16-5cdd-4848-951d-55a76627b83e
]]></system-out>
  </testcase>
  <testcase name="testCheckPaymentStatus" classname="io.github.ap2java.payment.SamplePaymentProcessorTest" time="0.003">
    <system-out><![CDATA[17:53:35.655 [ForkJoinPool.commonPool-worker-1] INFO io.github.ap2java.payment.SamplePaymentProcessor -- Creating payment for request: PaymentRequest(amount=50.00, currencyCode=USD, requestingAgentId=test-agent-1, receivingAgentId=test-agent-2, description=Test payment, metadata=null, externalReference=null, callbackUrl=null, paymentMethod=null)
17:53:35.657 [ForkJoinPool.commonPool-worker-1] INFO io.github.ap2java.payment.SamplePaymentProcessor -- Authorizing payment: 2e0747a4-34c9-4cba-b541-51f33031fc20
17:53:35.658 [ForkJoinPool.commonPool-worker-1] INFO io.github.ap2java.payment.SamplePaymentProcessor -- Checking payment status: 2e0747a4-34c9-4cba-b541-51f33031fc20
]]></system-out>
  </testcase>
  <testcase name="testCapturePayment" classname="io.github.ap2java.payment.SamplePaymentProcessorTest" time="0.002">
    <system-out><![CDATA[17:53:35.659 [ForkJoinPool.commonPool-worker-1] INFO io.github.ap2java.payment.SamplePaymentProcessor -- Creating payment for request: PaymentRequest(amount=50.00, currencyCode=USD, requestingAgentId=test-agent-1, receivingAgentId=test-agent-2, description=Test payment, metadata=null, externalReference=null, callbackUrl=null, paymentMethod=null)
17:53:35.660 [ForkJoinPool.commonPool-worker-1] INFO io.github.ap2java.payment.SamplePaymentProcessor -- Authorizing payment: 46f74173-4b9f-40c6-88ea-b28e0d6e6dc4
17:53:35.660 [ForkJoinPool.commonPool-worker-1] INFO io.github.ap2java.payment.SamplePaymentProcessor -- Capturing payment: 46f74173-4b9f-40c6-88ea-b28e0d6e6dc4
]]></system-out>
  </testcase>
  <testcase name="testRefundPayment" classname="io.github.ap2java.payment.SamplePaymentProcessorTest" time="0.002">
    <system-out><![CDATA[17:53:35.664 [ForkJoinPool.commonPool-worker-1] INFO io.github.ap2java.payment.SamplePaymentProcessor -- Creating payment for request: PaymentRequest(amount=50.00, currencyCode=USD, requestingAgentId=test-agent-1, receivingAgentId=test-agent-2, description=Test payment, metadata=null, externalReference=null, callbackUrl=null, paymentMethod=null)
17:53:35.664 [ForkJoinPool.commonPool-worker-1] INFO io.github.ap2java.payment.SamplePaymentProcessor -- Authorizing payment: 40ff80ba-cb0f-4f76-8ae0-062324a9ca19
17:53:35.664 [ForkJoinPool.commonPool-worker-1] INFO io.github.ap2java.payment.SamplePaymentProcessor -- Capturing payment: 40ff80ba-cb0f-4f76-8ae0-062324a9ca19
17:53:35.665 [ForkJoinPool.commonPool-worker-1] INFO io.github.ap2java.payment.SamplePaymentProcessor -- Refunding payment: 40ff80ba-cb0f-4f76-8ae0-062324a9ca19
]]></system-out>
  </testcase>
  <testcase name="testNonExistentPayment" classname="io.github.ap2java.payment.SamplePaymentProcessorTest" time="0.002">
    <system-out><![CDATA[17:53:35.668 [ForkJoinPool.commonPool-worker-1] INFO io.github.ap2java.payment.SamplePaymentProcessor -- Checking payment status: non-existent-id
]]></system-out>
  </testcase>
  <testcase name="testAuthorizePayment" classname="io.github.ap2java.payment.SamplePaymentProcessorTest" time="0.001">
    <system-out><![CDATA[17:53:35.670 [ForkJoinPool.commonPool-worker-1] INFO io.github.ap2java.payment.SamplePaymentProcessor -- Creating payment for request: PaymentRequest(amount=50.00, currencyCode=USD, requestingAgentId=test-agent-1, receivingAgentId=test-agent-2, description=Test payment, metadata=null, externalReference=null, callbackUrl=null, paymentMethod=null)
17:53:35.670 [ForkJoinPool.commonPool-worker-1] INFO io.github.ap2java.payment.SamplePaymentProcessor -- Authorizing payment: ee1fdeeb-c28c-4ad5-8762-2a6998909ac1
]]></system-out>
  </testcase>
</testsuite>